<?xml version="1.0" encoding="UTF-8"?>
<testng-results skipped="0" failed="0" ignored="0" total="0" passed="0">
  <reporter-output>
  </reporter-output>
  <suite name="packt.selenium.chap3_2.WebDriverDocumentation_04Test" duration-ms="2" started-at="2017-07-18T20:36:07Z" finished-at="2017-07-18T20:36:07Z">
    <groups>
    </groups>
    <test name="Command line test" duration-ms="2" started-at="2017-07-18T20:36:07Z" finished-at="2017-07-18T20:36:07Z">
    </test> <!-- Command line test -->
  </suite> <!-- packt.selenium.chap3_2.WebDriverDocumentation_04Test -->
</testng-results>
